#-----------------------------------------------------------
# Vivado v2019.1 (64-bit)
# SW Build 2552052 on Fri May 24 14:49:42 MDT 2019
# IP Build 2548770 on Fri May 24 18:01:18 MDT 2019
# Start of session at: Tue Sep 10 12:50:42 2019
# Process ID: 7520
# Current directory: C:/Users/Bobby  Haus/project_1
# Command line: vivado.exe -gui_launcher_event rodinguilauncherevent7232 C:\Users\Bobby  Haus\project_1\project_1.xpr
# Log file: C:/Users/Bobby  Haus/project_1/vivado.log
# Journal file: C:/Users/Bobby  Haus/project_1\vivado.jou
#-----------------------------------------------------------
start_gui
open_project {C:/Users/Bobby  Haus/project_1/project_1.xpr}
Scanning sources...
Finished scanning sources
INFO: [IP_Flow 19-234] Refreshing IP repositories
INFO: [IP_Flow 19-1704] No user IP repositories specified
INFO: [IP_Flow 19-2313] Loaded Vivado IP repository 'C:/Xilinx/Vivado/2019.1/data/ip'.
open_project: Time (s): cpu = 00:00:17 ; elapsed = 00:00:18 . Memory (MB): peak = 819.039 ; gain = 1.355
update_compile_order -fileset sources_1
launch_simulation
boost::filesystem::remove: The process cannot access the file because it is being used by another process: "C:/Users/Bobby  Haus/project_1/project_1.sim/sim_1/behav/xsim/simulate.log"
close_project
open_project {C:/Users/Bobby  Haus/project_1/project_1.xpr}
Scanning sources...
Finished scanning sources
INFO: [IP_Flow 19-234] Refreshing IP repositories
INFO: [IP_Flow 19-1704] No user IP repositories specified
INFO: [IP_Flow 19-2313] Loaded Vivado IP repository 'C:/Xilinx/Vivado/2019.1/data/ip'.
open_project: Time (s): cpu = 00:00:06 ; elapsed = 00:00:06 . Memory (MB): peak = 829.078 ; gain = 0.000
launch_simulation
boost::filesystem::remove: The process cannot access the file because it is being used by another process: "C:/Users/Bobby  Haus/project_1/project_1.sim/sim_1/behav/xsim/simulate.log"
update_compile_order -fileset sources_1
launch_simulation
boost::filesystem::remove: The process cannot access the file because it is being used by another process: "C:/Users/Bobby  Haus/project_1/project_1.sim/sim_1/behav/xsim/simulate.log"
launch_simulation
boost::filesystem::remove: The process cannot access the file because it is being used by another process: "C:/Users/Bobby  Haus/project_1/project_1.sim/sim_1/behav/xsim/simulate.log"
exit
INFO: [Common 17-206] Exiting Vivado at Tue Sep 10 13:00:01 2019...
